<?xml version="1.0" encoding="UTF-8"?>
<!-- Generated by org.testng.reporters.JUnitReportReporter -->
<testsuite hostname="DESKTOP-CF55BG5" failures="0" tests="1" name="HandlingWebTables.Webtables" time="12.986" errors="0" timestamp="2022-10-12T12:34:00 IST" skipped="0">
  <testcase classname="HandlingWebTables.Webtables" name="pagenationusingforloop" time="12.986"/>
  <system-out/>
</testsuite> <!-- HandlingWebTables.Webtables -->
